[LOG] System::create                           : Header version = 2.02.20. Current version = 2.02.20.
[LOG] Manager::init                            : maxchannels = 256 studioflags = 00000006 flags 00000000 extradriverdata 0000000000000000.
[LOG] SystemI::init                            : Initialize version=20220 (139317), maxchannels=256, flags=0x00020000
[LOG] SystemI::setOutputInternal               : Setting output to 'FMOD WASAPI Output'
[LOG] OutputWASAPI::init                       : Mix Format (WAVEFORMATEX): wFormatTag=0xFFFE, nChannels=8, nSamplesPerSec=48000, nAvgBytesPerSec=1536000, nBlockAlign=32, wBitsPerSample=32, cbSize=22.
[LOG] OutputWASAPI::init                       : Mix Format (WAVEFORMATEXTENSIBLE): wValidBitsPerSample=32, dwChannelMask=0x0000063F, SubFormat=00000003-0000-0010-8000-00AA00389B71.
[LOG] OutputWASAPI::init                       : Output buffer size: 4096 samples, latency: 0.00ms, period: 10.00ms, DSP buffer: 1024 * 4
[LOG] DownMix::init                            : dspbuffersize: 1024  rate: 48000. output speaker mode: 7, input speaker mode 3
[LOG] DownMix::init                            : done.
[LOG] Thread::initThread                       : Init FMOD stream thread. Affinity: 0x4000000000000003, Priority: 0xFFFF7FFB, Stack Size: 98304, Semaphore: No, Sleep Time: 10, Looping: Yes.
[LOG] Thread::initThread                       : Init FMOD mixer thread. Affinity: 0x4000000000000001, Priority: 0xFFFF7FFA, Stack Size: 81920, Semaphore: No, Sleep Time: 0, Looping: Yes.
[LOG] AsyncManager::init                       : manager 000001D95B858B98 isAsync 0 updatePeriod 0.02
[LOG] AsyncManager::init                       : done
[LOG] PlaybackSystem::init                     : 
[LOG] Thread::initThread                       : Init FMOD Studio sample load thread. Affinity: 0x4000000000000003, Priority: 0xFFFF7FFD, Stack Size: 98304, Semaphore: No, Sleep Time: 1, Looping: No.
[LOG] PlaybackSystem::init                     : done
[LOG] Thread::initThread                       : Init FMOD Studio bank load thread. Affinity: 0x4000000000000003, Priority: 0xFFFF7FFD, Stack Size: 98304, Semaphore: No, Sleep Time: 1, Looping: No.
[LOG] Manager::init                            : done.
[LOG] Manager::readBank                        : fileversion = 142, compatVersion = 140 (oldest = 44, newest = 142)
[LOG] Manager::readBank                        : fileversion = 142, compatVersion = 140 (oldest = 44, newest = 142)
[LOG] Manager::readBank                        : fileversion = 142, compatVersion = 140 (oldest = 44, newest = 142)
[LOG] PlaybackSystem::acquireMasterBus         : Setting master channel group format to 6
[LOG] Manager::readBank                        : fileversion = 142, compatVersion = 140 (oldest = 44, newest = 142)
[LOG] Manager::readBank                        : fileversion = 142, compatVersion = 140 (oldest = 44, newest = 142)
[LOG] Thread::callback                         : FMOD Studio bank load thread finished.
[LOG] Thread::callback                         : FMOD Studio sample load thread finished.
[LOG] LiveUpdate::release                      : 
[LOG] LiveUpdate::reset                        : Reset connection (reason Disconnected)
[LOG] Thread::callback                         : FMOD stream thread finished.
[LOG] Thread::callback                         : FMOD mixer thread finished.
[LOG] SystemI::close                           : Closed.
[LOG] SoundI::release                          : menuMusicVer2. (000001D9601CE2D8)
[LOG] SoundI::release                          :     menuMusicVer2. (000001D9FE4AF078)
[LOG] SoundI::release                          :     menuMusicVer2. (000001D96EC238F8)
[LOG] SoundI::release                          :  (000001D9FE5D8E68)
[LOG] SoundI::release                          :     (Untitled) (1) (000001D95B05D788)
[LOG] SoundI::release                          :  (000001D9FE5D71A8)
[LOG] SoundI::release                          :     (Untitled) (2) (000001D95B05A528)
[LOG] SoundI::release                          :  (000001D9FE5D7E98)
[LOG] SoundI::release                          :     (Untitled) (3) (000001D95B060368)
[LOG] SoundI::release                          :  (000001D9FE5D7038)
[LOG] SoundI::release                          :     (Untitled) (4) (000001D95B05D5E8)
[LOG] SoundI::release                          :  (000001D9FE5D7488)
[LOG] SoundI::release                          :     (Untitled) (5) (000001D95B05EB08)
[LOG] SoundI::release                          :  (000001D9FE5D8FD8)
[LOG] SoundI::release                          :     (Untitled) (6) (000001D95B05C268)
[LOG] SoundI::release                          :  (000001D92F44A8D8)
[LOG] SoundI::release                          :     (Untitled) (7) (000001D647654BE8)
[LOG] SoundI::release                          :  (000001D92F44CFA8)
[LOG] SoundI::release                          :     (Untitled) (8) (000001D97AD903C8)
[LOG] SoundI::release                          :  (000001D9E2DB8ED8)
[LOG] SoundI::release                          :     (Untitled) (9) (000001D95B05AD48)
[LOG] SoundI::release                          :  (000001D92F44BCF8)
[LOG] SoundI::release                          :     (Untitled) (10) (000001D7C0607F78)
[LOG] SoundI::release                          :  (000001D92F3664C8)
[LOG] SoundI::release                          :     (Untitled) (11) (000001D95B05F808)
[LOG] SoundI::release                          :  (000001D9FDBCA9D8)
[LOG] SoundI::release                          :     (Untitled) (12) (000001D95B05AA08)
[LOG] SoundI::release                          :  (000001D92F4494B8)
[LOG] SoundI::release                          :     (Untitled) (13) (000001D647657CA8)
[LOG] SoundI::release                          :  (000001D92F44B5C8)
[LOG] SoundI::release                          :     (Untitled) (14) (000001D97AD886A8)
[LOG] SoundI::release                          :  (000001D92F44C9E8)
[LOG] SoundI::release                          :     (Untitled) (15) (000001D64814ADC8)
[LOG] SoundI::release                          :  (000001D92F44B458)
[LOG] SoundI::release                          :     (Untitled) (16) (000001D834E6CF28)
[LOG] SoundI::release                          :  (000001D92F449348)
[LOG] SoundI::release                          :     (Untitled) (000001D80CDA4788)
[LOG] SoundI::release                          :  (000001D92F44BB88)
[LOG] SoundI::release                          :     gravel_footstep-footstep (1)-1 (000001D834E6C8A8)
[LOG] SoundI::release                          :  (000001D92F44C428)
[LOG] SoundI::release                          :     gravel_footstep-footstep (1)-2 (000001D858F4CBA8)
[LOG] SoundI::release                          :  (000001D9FDBD1FB8)
[LOG] SoundI::release                          :     gravel_footstep-footstep (1)-3 (000001D95B05A868)
[LOG] SoundI::release                          :  (000001D9E2DB6978)
[LOG] SoundI::release                          :     gravel_footstep-footstep (1)-4 (000001D95B05F328)
[LOG] SoundI::release                          :  (000001D9E2DBD3D8)
[LOG] SoundI::release                          :     Concrete Footstep-footstep (1)-1 (000001D95B05EFE8)
[LOG] SoundI::release                          :  (000001D92F44C878)
[LOG] SoundI::release                          :     Concrete Footstep-footstep (1)-2 (000001D647657628)
[LOG] SoundI::release                          :  (000001D8C5745688)
[LOG] SoundI::release                          :     Concrete Footstep-footstep (1)-3 (000001D95B05E2E8)
[LOG] SoundI::release                          :  (000001D92F44B8A8)
[LOG] SoundI::release                          :     Concrete Footstep-footstep (1)-4 (000001D7C0608798)
[LOG] SoundI::release                          :  (000001D92F44A768)
[LOG] SoundI::release                          :     Concrete Footstep-footstep (1)-5 (000001D647657E48)
[LOG] SoundI::release                          :  (000001D962389F78)
[LOG] SoundI::release                          :     504626__leonelmail__body-fall-v-hvy-dirt (000001D95B6A6E68)
[LOG] SoundI::release                          :  (000001D962389E08)
[LOG] SoundI::release                          :     soft Landing-266346__ephisus__body-falls (1)-1 (000001D95B6A64A8)
[LOG] SoundI::release                          :  (000001D9FE5D6D58)
[LOG] SoundI::release                          :     soft Landing-266346__ephisus__body-falls (1)-2 (000001D95B0584A8)
[LOG] SoundI::release                          :  (000001D9FE5D9148)
[LOG] SoundI::release                          :     soft Landing-266346__ephisus__body-falls (1)-3 (000001D95B054A28)
[LOG] SoundI::release                          :  (000001D9FE5D6908)
[LOG] SoundI::release                          :     soft Landing-266346__ephisus__body-falls (1)-4 (000001D95B057C88)
[LOG] SoundI::release                          :  (000001D9FE5D8178)
[LOG] SoundI::release                          :     soft Landing-266346__ephisus__body-falls (1)-5 (000001D95B057948)
[LOG] Thread::callback                         : FMOD Studio update thread finished.
[LOG] Thread::callback                         : FMOD Studio bank load thread finished.
[LOG] Profile::disconnectAll                   : Profiler disconnecting all clients
[LOG] Thread::callback                         : FMOD Studio sample load thread finished.
[LOG] LiveUpdate::release                      : 
[LOG] LiveUpdate::reset                        : Reset connection (reason Disconnected)
[LOG] Thread::callback                         : FMOD stream thread finished.
[LOG] Thread::callback                         : FMOD mixer thread finished.
[LOG] Profile::disconnectAll                   : Profiler disconnecting all clients
[LOG] SystemI::close                           : Closed.
[LOG] Thread::callback                         : FMOD nonblocking thread (0) finished.
[LOG] Thread::callback                         : FMOD file thread finished.
